<?xml version="1.0" encoding="UTF-8"?>
<testsuite name="testSuite.Prueba" tests="1" skipped="0" failures="0" errors="0" timestamp="2022-05-13T03:25:15" hostname="DESKTOP-OTCDFO5" time="2.504">
  <properties/>
  <testcase name="pruebaLogin" classname="testSuite.Prueba" time="2.504"/>
  <system-out><![CDATA[]]></system-out>
  <system-err><![CDATA[]]></system-err>
</testsuite>
